C:\USERS\GUNDEEP\DOWNLOADS\PROJECT2-PATHTRACER\PROJ1_WIN\565RAYTRACER\RELEASE\565RAYTRACER.EXE.INTERMEDIATE.MANIFEST
C:\USERS\GUNDEEP\DOWNLOADS\PROJECT2-PATHTRACER\PROJ1_WIN\565RAYTRACER\RELEASE\GLSLUTILITY.OBJ
C:\USERS\GUNDEEP\DOWNLOADS\PROJECT2-PATHTRACER\PROJ1_WIN\565RAYTRACER\RELEASE\IMAGE.OBJ
C:\USERS\GUNDEEP\DOWNLOADS\PROJECT2-PATHTRACER\PROJ1_WIN\565RAYTRACER\RELEASE\MAIN.OBJ
C:\USERS\GUNDEEP\DOWNLOADS\PROJECT2-PATHTRACER\PROJ1_WIN\565RAYTRACER\RELEASE\SCENE.OBJ
C:\USERS\GUNDEEP\DOWNLOADS\PROJECT2-PATHTRACER\PROJ1_WIN\565RAYTRACER\RELEASE\STB_IMAGE.OBJ
C:\USERS\GUNDEEP\DOWNLOADS\PROJECT2-PATHTRACER\PROJ1_WIN\565RAYTRACER\RELEASE\STB_IMAGE_WRITE.OBJ
C:\USERS\GUNDEEP\DOWNLOADS\PROJECT2-PATHTRACER\PROJ1_WIN\565RAYTRACER\RELEASE\UTILITIES.OBJ
C:\USERS\GUNDEEP\DOWNLOADS\PROJECT2-PATHTRACER\PROJ1_WIN\565RAYTRACER\RELEASE\VC100.PDB
C:\USERS\GUNDEEP\DOWNLOADS\PROJECT2-PATHTRACER\PROJ1_WIN\RELEASE\565RAYTRACER.EXE
C:\USERS\GUNDEEP\DOWNLOADS\PROJECT2-PATHTRACER\PROJ1_WIN\RELEASE\565RAYTRACER.PDB
G:\UPENN_ASSIGNMENTS\CIS 565 GPU PROGRAMMING\FINAL_PROJECT_PATHTRACER_EXTENDED\GPUPATHTRACER\GPU-PATH-TRACER\PROJ1_WIN\565RAYTRACER\RELEASE\565RAYTRACER.EXE.INTERMEDIATE.MANIFEST
G:\Upenn_assignments\CIS 565 GPU programming\FINAL_Project_PAthtracer_extended\GPUpathTracer\GPU-Path-Tracer\PROJ1_WIN\565Raytracer\Release\cl.command.1.tlog
G:\Upenn_assignments\CIS 565 GPU programming\FINAL_Project_PAthtracer_extended\GPUpathTracer\GPU-Path-Tracer\PROJ1_WIN\565Raytracer\Release\CL.read.1.tlog
G:\Upenn_assignments\CIS 565 GPU programming\FINAL_Project_PAthtracer_extended\GPUpathTracer\GPU-Path-Tracer\PROJ1_WIN\565Raytracer\Release\CL.write.1.tlog
G:\UPENN_ASSIGNMENTS\CIS 565 GPU PROGRAMMING\FINAL_PROJECT_PATHTRACER_EXTENDED\GPUPATHTRACER\GPU-PATH-TRACER\PROJ1_WIN\565RAYTRACER\RELEASE\GLSLUTILITY.OBJ
G:\UPENN_ASSIGNMENTS\CIS 565 GPU PROGRAMMING\FINAL_PROJECT_PATHTRACER_EXTENDED\GPUPATHTRACER\GPU-PATH-TRACER\PROJ1_WIN\565RAYTRACER\RELEASE\IMAGE.OBJ
G:\Upenn_assignments\CIS 565 GPU programming\FINAL_Project_PAthtracer_extended\GPUpathTracer\GPU-Path-Tracer\PROJ1_WIN\565Raytracer\Release\link.command.1.tlog
G:\Upenn_assignments\CIS 565 GPU programming\FINAL_Project_PAthtracer_extended\GPUpathTracer\GPU-Path-Tracer\PROJ1_WIN\565Raytracer\Release\link.read.1.tlog
G:\Upenn_assignments\CIS 565 GPU programming\FINAL_Project_PAthtracer_extended\GPUpathTracer\GPU-Path-Tracer\PROJ1_WIN\565Raytracer\Release\link.write.1.tlog
G:\UPENN_ASSIGNMENTS\CIS 565 GPU PROGRAMMING\FINAL_PROJECT_PATHTRACER_EXTENDED\GPUPATHTRACER\GPU-PATH-TRACER\PROJ1_WIN\565RAYTRACER\RELEASE\MAIN.OBJ
G:\Upenn_assignments\CIS 565 GPU programming\FINAL_Project_PAthtracer_extended\GPUpathTracer\GPU-Path-Tracer\PROJ1_WIN\565Raytracer\Release\mt.command.1.tlog
G:\Upenn_assignments\CIS 565 GPU programming\FINAL_Project_PAthtracer_extended\GPUpathTracer\GPU-Path-Tracer\PROJ1_WIN\565Raytracer\Release\mt.read.1.tlog
G:\Upenn_assignments\CIS 565 GPU programming\FINAL_Project_PAthtracer_extended\GPUpathTracer\GPU-Path-Tracer\PROJ1_WIN\565Raytracer\Release\mt.write.1.tlog
G:\Upenn_assignments\CIS 565 GPU programming\FINAL_Project_PAthtracer_extended\GPUpathTracer\GPU-Path-Tracer\PROJ1_WIN\565Raytracer\Release\raytraceKernel.cu.cache
G:\UPENN_ASSIGNMENTS\CIS 565 GPU PROGRAMMING\FINAL_PROJECT_PATHTRACER_EXTENDED\GPUPATHTRACER\GPU-PATH-TRACER\PROJ1_WIN\565RAYTRACER\RELEASE\SCENE.OBJ
G:\UPENN_ASSIGNMENTS\CIS 565 GPU PROGRAMMING\FINAL_PROJECT_PATHTRACER_EXTENDED\GPUPATHTRACER\GPU-PATH-TRACER\PROJ1_WIN\565RAYTRACER\RELEASE\STB_IMAGE.OBJ
G:\UPENN_ASSIGNMENTS\CIS 565 GPU PROGRAMMING\FINAL_PROJECT_PATHTRACER_EXTENDED\GPUPATHTRACER\GPU-PATH-TRACER\PROJ1_WIN\565RAYTRACER\RELEASE\STB_IMAGE_WRITE.OBJ
G:\UPENN_ASSIGNMENTS\CIS 565 GPU PROGRAMMING\FINAL_PROJECT_PATHTRACER_EXTENDED\GPUPATHTRACER\GPU-PATH-TRACER\PROJ1_WIN\565RAYTRACER\RELEASE\UTILITIES.OBJ
G:\UPENN_ASSIGNMENTS\CIS 565 GPU PROGRAMMING\FINAL_PROJECT_PATHTRACER_EXTENDED\GPUPATHTRACER\GPU-PATH-TRACER\PROJ1_WIN\565RAYTRACER\RELEASE\VC100.PDB
G:\UPENN_ASSIGNMENTS\CIS 565 GPU PROGRAMMING\FINAL_PROJECT_PATHTRACER_EXTENDED\GPUPATHTRACER\GPU-PATH-TRACER\PROJ1_WIN\RELEASE\565RAYTRACER.EXE
G:\UPENN_ASSIGNMENTS\CIS 565 GPU PROGRAMMING\FINAL_PROJECT_PATHTRACER_EXTENDED\GPUPATHTRACER\GPU-PATH-TRACER\PROJ1_WIN\RELEASE\565RAYTRACER.PDB
