C:\Users\gundeep\Downloads\Final_project_GPU\GPUpathTracer\GPU-Path-Tracer\PROJ1_WIN\565Raytracer\Debug\565Raytracer.exe.embed.manifest
C:\USERS\GUNDEEP\DOWNLOADS\FINAL_PROJECT_GPU\GPUPATHTRACER\GPU-PATH-TRACER\PROJ1_WIN\565RAYTRACER\DEBUG\565RAYTRACER.EXE.EMBED.MANIFEST.RES
C:\USERS\GUNDEEP\DOWNLOADS\FINAL_PROJECT_GPU\GPUPATHTRACER\GPU-PATH-TRACER\PROJ1_WIN\565RAYTRACER\DEBUG\565RAYTRACER.EXE.INTERMEDIATE.MANIFEST
C:\Users\gundeep\Downloads\Final_project_GPU\GPUpathTracer\GPU-Path-Tracer\PROJ1_WIN\565Raytracer\Debug\565Raytracer_manifest.rc
C:\Users\gundeep\Downloads\Final_project_GPU\GPUpathTracer\GPU-Path-Tracer\PROJ1_WIN\565Raytracer\Debug\cl.command.1.tlog
C:\Users\gundeep\Downloads\Final_project_GPU\GPUpathTracer\GPU-Path-Tracer\PROJ1_WIN\565Raytracer\Debug\CL.read.1.tlog
C:\Users\gundeep\Downloads\Final_project_GPU\GPUpathTracer\GPU-Path-Tracer\PROJ1_WIN\565Raytracer\Debug\CL.write.1.tlog
C:\USERS\GUNDEEP\DOWNLOADS\FINAL_PROJECT_GPU\GPUPATHTRACER\GPU-PATH-TRACER\PROJ1_WIN\565RAYTRACER\DEBUG\GLSLUTILITY.OBJ
C:\USERS\GUNDEEP\DOWNLOADS\FINAL_PROJECT_GPU\GPUPATHTRACER\GPU-PATH-TRACER\PROJ1_WIN\565RAYTRACER\DEBUG\IMAGE.OBJ
C:\Users\gundeep\Downloads\Final_project_GPU\GPUpathTracer\GPU-Path-Tracer\PROJ1_WIN\565Raytracer\Debug\link.4416.read.1.tlog
C:\Users\gundeep\Downloads\Final_project_GPU\GPUpathTracer\GPU-Path-Tracer\PROJ1_WIN\565Raytracer\Debug\link.4416.write.1.tlog
C:\Users\gundeep\Downloads\Final_project_GPU\GPUpathTracer\GPU-Path-Tracer\PROJ1_WIN\565Raytracer\Debug\link.4416-cvtres.read.1.tlog
C:\Users\gundeep\Downloads\Final_project_GPU\GPUpathTracer\GPU-Path-Tracer\PROJ1_WIN\565Raytracer\Debug\link.4416-cvtres.write.1.tlog
C:\Users\gundeep\Downloads\Final_project_GPU\GPUpathTracer\GPU-Path-Tracer\PROJ1_WIN\565Raytracer\Debug\link.5472.read.1.tlog
C:\Users\gundeep\Downloads\Final_project_GPU\GPUpathTracer\GPU-Path-Tracer\PROJ1_WIN\565Raytracer\Debug\link.5472.write.1.tlog
C:\Users\gundeep\Downloads\Final_project_GPU\GPUpathTracer\GPU-Path-Tracer\PROJ1_WIN\565Raytracer\Debug\link.5472-cvtres.read.1.tlog
C:\Users\gundeep\Downloads\Final_project_GPU\GPUpathTracer\GPU-Path-Tracer\PROJ1_WIN\565Raytracer\Debug\link.5472-cvtres.write.1.tlog
C:\Users\gundeep\Downloads\Final_project_GPU\GPUpathTracer\GPU-Path-Tracer\PROJ1_WIN\565Raytracer\Debug\link.command.1.tlog
C:\Users\gundeep\Downloads\Final_project_GPU\GPUpathTracer\GPU-Path-Tracer\PROJ1_WIN\565Raytracer\Debug\link.read.1.tlog
C:\Users\gundeep\Downloads\Final_project_GPU\GPUpathTracer\GPU-Path-Tracer\PROJ1_WIN\565Raytracer\Debug\link.write.1.tlog
C:\Users\gundeep\Downloads\Final_project_GPU\GPUpathTracer\GPU-Path-Tracer\PROJ1_WIN\565Raytracer\Debug\link-cvtres.read.1.tlog
C:\Users\gundeep\Downloads\Final_project_GPU\GPUpathTracer\GPU-Path-Tracer\PROJ1_WIN\565Raytracer\Debug\link-cvtres.write.1.tlog
C:\USERS\GUNDEEP\DOWNLOADS\FINAL_PROJECT_GPU\GPUPATHTRACER\GPU-PATH-TRACER\PROJ1_WIN\565RAYTRACER\DEBUG\MAIN.OBJ
C:\Users\gundeep\Downloads\Final_project_GPU\GPUpathTracer\GPU-Path-Tracer\PROJ1_WIN\565Raytracer\Debug\mt.command.1.tlog
C:\Users\gundeep\Downloads\Final_project_GPU\GPUpathTracer\GPU-Path-Tracer\PROJ1_WIN\565Raytracer\Debug\mt.read.1.tlog
C:\Users\gundeep\Downloads\Final_project_GPU\GPUpathTracer\GPU-Path-Tracer\PROJ1_WIN\565Raytracer\Debug\mt.write.1.tlog
C:\USERS\GUNDEEP\DOWNLOADS\FINAL_PROJECT_GPU\GPUPATHTRACER\GPU-PATH-TRACER\PROJ1_WIN\565RAYTRACER\DEBUG\OBJ.OBJ
C:\USERS\GUNDEEP\DOWNLOADS\FINAL_PROJECT_GPU\GPUPATHTRACER\GPU-PATH-TRACER\PROJ1_WIN\565RAYTRACER\DEBUG\OBJLOADER.OBJ
C:\Users\gundeep\Downloads\Final_project_GPU\GPUpathTracer\GPU-Path-Tracer\PROJ1_WIN\565Raytracer\Debug\raytraceKernel.cu.cache
C:\Users\gundeep\Downloads\Final_project_GPU\GPUpathTracer\GPU-Path-Tracer\PROJ1_WIN\565Raytracer\Debug\rc.command.1.tlog
C:\Users\gundeep\Downloads\Final_project_GPU\GPUpathTracer\GPU-Path-Tracer\PROJ1_WIN\565Raytracer\Debug\rc.read.1.tlog
C:\Users\gundeep\Downloads\Final_project_GPU\GPUpathTracer\GPU-Path-Tracer\PROJ1_WIN\565Raytracer\Debug\rc.write.1.tlog
C:\USERS\GUNDEEP\DOWNLOADS\FINAL_PROJECT_GPU\GPUPATHTRACER\GPU-PATH-TRACER\PROJ1_WIN\565RAYTRACER\DEBUG\SCENE.OBJ
C:\USERS\GUNDEEP\DOWNLOADS\FINAL_PROJECT_GPU\GPUPATHTRACER\GPU-PATH-TRACER\PROJ1_WIN\565RAYTRACER\DEBUG\STB_IMAGE.OBJ
C:\USERS\GUNDEEP\DOWNLOADS\FINAL_PROJECT_GPU\GPUPATHTRACER\GPU-PATH-TRACER\PROJ1_WIN\565RAYTRACER\DEBUG\STB_IMAGE_WRITE.OBJ
C:\USERS\GUNDEEP\DOWNLOADS\FINAL_PROJECT_GPU\GPUPATHTRACER\GPU-PATH-TRACER\PROJ1_WIN\565RAYTRACER\DEBUG\UTILITIES.OBJ
C:\Users\gundeep\Downloads\Final_project_GPU\GPUpathTracer\GPU-Path-Tracer\PROJ1_WIN\565Raytracer\Debug\vc100.idb
C:\USERS\GUNDEEP\DOWNLOADS\FINAL_PROJECT_GPU\GPUPATHTRACER\GPU-PATH-TRACER\PROJ1_WIN\565RAYTRACER\DEBUG\VC100.PDB
C:\USERS\GUNDEEP\DOWNLOADS\FINAL_PROJECT_GPU\GPUPATHTRACER\GPU-PATH-TRACER\PROJ1_WIN\DEBUG\565RAYTRACER.EXE
C:\USERS\GUNDEEP\DOWNLOADS\FINAL_PROJECT_GPU\GPUPATHTRACER\GPU-PATH-TRACER\PROJ1_WIN\DEBUG\565RAYTRACER.ILK
C:\USERS\GUNDEEP\DOWNLOADS\FINAL_PROJECT_GPU\GPUPATHTRACER\GPU-PATH-TRACER\PROJ1_WIN\DEBUG\565RAYTRACER.PDB
G:\UPENN_ASSIGNMENTS\CIS 565 GPU PROGRAMMING\FINAL_PROJECT_PATHTRACER_EXTENDED\GPUPATHTRACER\GPU-PATH-TRACER\PROJ1_WIN\565RAYTRACER\DEBUG\565RAYTRACER.EXE.EMBED.MANIFEST
G:\UPENN_ASSIGNMENTS\CIS 565 GPU PROGRAMMING\FINAL_PROJECT_PATHTRACER_EXTENDED\GPUPATHTRACER\GPU-PATH-TRACER\PROJ1_WIN\565RAYTRACER\DEBUG\565RAYTRACER.EXE.EMBED.MANIFEST.RES
G:\UPENN_ASSIGNMENTS\CIS 565 GPU PROGRAMMING\FINAL_PROJECT_PATHTRACER_EXTENDED\GPUPATHTRACER\GPU-PATH-TRACER\PROJ1_WIN\565RAYTRACER\DEBUG\565RAYTRACER.EXE.INTERMEDIATE.MANIFEST
G:\UPENN_ASSIGNMENTS\CIS 565 GPU PROGRAMMING\FINAL_PROJECT_PATHTRACER_EXTENDED\GPUPATHTRACER\GPU-PATH-TRACER\PROJ1_WIN\565RAYTRACER\DEBUG\GLSLUTILITY.OBJ
G:\UPENN_ASSIGNMENTS\CIS 565 GPU PROGRAMMING\FINAL_PROJECT_PATHTRACER_EXTENDED\GPUPATHTRACER\GPU-PATH-TRACER\PROJ1_WIN\565RAYTRACER\DEBUG\IMAGE.OBJ
G:\UPENN_ASSIGNMENTS\CIS 565 GPU PROGRAMMING\FINAL_PROJECT_PATHTRACER_EXTENDED\GPUPATHTRACER\GPU-PATH-TRACER\PROJ1_WIN\565RAYTRACER\DEBUG\MAIN.OBJ
G:\UPENN_ASSIGNMENTS\CIS 565 GPU PROGRAMMING\FINAL_PROJECT_PATHTRACER_EXTENDED\GPUPATHTRACER\GPU-PATH-TRACER\PROJ1_WIN\565RAYTRACER\DEBUG\OBJ.OBJ
G:\UPENN_ASSIGNMENTS\CIS 565 GPU PROGRAMMING\FINAL_PROJECT_PATHTRACER_EXTENDED\GPUPATHTRACER\GPU-PATH-TRACER\PROJ1_WIN\565RAYTRACER\DEBUG\OBJLOADER.OBJ
G:\UPENN_ASSIGNMENTS\CIS 565 GPU PROGRAMMING\FINAL_PROJECT_PATHTRACER_EXTENDED\GPUPATHTRACER\GPU-PATH-TRACER\PROJ1_WIN\565RAYTRACER\DEBUG\SCENE.OBJ
G:\UPENN_ASSIGNMENTS\CIS 565 GPU PROGRAMMING\FINAL_PROJECT_PATHTRACER_EXTENDED\GPUPATHTRACER\GPU-PATH-TRACER\PROJ1_WIN\565RAYTRACER\DEBUG\STB_IMAGE.OBJ
G:\UPENN_ASSIGNMENTS\CIS 565 GPU PROGRAMMING\FINAL_PROJECT_PATHTRACER_EXTENDED\GPUPATHTRACER\GPU-PATH-TRACER\PROJ1_WIN\565RAYTRACER\DEBUG\STB_IMAGE_WRITE.OBJ
G:\UPENN_ASSIGNMENTS\CIS 565 GPU PROGRAMMING\FINAL_PROJECT_PATHTRACER_EXTENDED\GPUPATHTRACER\GPU-PATH-TRACER\PROJ1_WIN\565RAYTRACER\DEBUG\UTILITIES.OBJ
G:\UPENN_ASSIGNMENTS\CIS 565 GPU PROGRAMMING\FINAL_PROJECT_PATHTRACER_EXTENDED\GPUPATHTRACER\GPU-PATH-TRACER\PROJ1_WIN\565RAYTRACER\DEBUG\VC100.PDB
G:\UPENN_ASSIGNMENTS\CIS 565 GPU PROGRAMMING\FINAL_PROJECT_PATHTRACER_EXTENDED\GPUPATHTRACER\GPU-PATH-TRACER\PROJ1_WIN\DEBUG\565RAYTRACER.EXE
G:\UPENN_ASSIGNMENTS\CIS 565 GPU PROGRAMMING\FINAL_PROJECT_PATHTRACER_EXTENDED\GPUPATHTRACER\GPU-PATH-TRACER\PROJ1_WIN\DEBUG\565RAYTRACER.ILK
G:\UPENN_ASSIGNMENTS\CIS 565 GPU PROGRAMMING\FINAL_PROJECT_PATHTRACER_EXTENDED\GPUPATHTRACER\GPU-PATH-TRACER\PROJ1_WIN\DEBUG\565RAYTRACER.PDB
